<?xml version="1.0" encoding="UTF-8"?>
<testng-results ignored="0" total="1" passed="1" failed="0" skipped="0">
  <reporter-output>
  </reporter-output>
  <suite started-at="2021-07-23T13:41:28Z" name="Default suite" finished-at="2021-07-23T13:42:00Z" duration-ms="32584">
    <groups>
    </groups>
    <test started-at="2021-07-23T13:41:28Z" name="Default test" finished-at="2021-07-23T13:42:00Z" duration-ms="32584">
      <class name="customersupport.TC_CUSTOMERSUPPORT_003">
        <test-method is-config="true" signature="setUp()[pri:0, instance:customersupport.TC_CUSTOMERSUPPORT_003@68c9133c]" started-at="2021-07-23T13:41:28Z" name="setUp" finished-at="2021-07-23T13:41:33Z" duration-ms="5706" status="PASS">
          <reporter-output>
          </reporter-output>
        </test-method> <!-- setUp -->
        <test-method signature="hoverable()[pri:0, instance:customersupport.TC_CUSTOMERSUPPORT_003@68c9133c]" started-at="2021-07-23T13:41:33Z" name="hoverable" finished-at="2021-07-23T13:41:59Z" duration-ms="25720" status="PASS">
          <reporter-output>
          </reporter-output>
        </test-method> <!-- hoverable -->
        <test-method is-config="true" signature="tearDown()[pri:0, instance:customersupport.TC_CUSTOMERSUPPORT_003@68c9133c]" started-at="2021-07-23T13:41:59Z" name="tearDown" finished-at="2021-07-23T13:42:00Z" duration-ms="1039" status="PASS">
          <reporter-output>
          </reporter-output>
        </test-method> <!-- tearDown -->
      </class> <!-- customersupport.TC_CUSTOMERSUPPORT_003 -->
    </test> <!-- Default test -->
  </suite> <!-- Default suite -->
</testng-results>
